In file included from [01m[K/home/lulu/gits/Multi-Object-Tracking/track_ws/src/mot_tracking/src/testkitti.cpp:50[m[K:
[01m[K/home/lulu/gits/Multi-Object-Tracking/track_ws/src/mot_tracking/src/data_source/kitti_reader.h:35:10:[m[K [01;31m[Kfatal error: [m[Ktracker.h: No such file or directory
   35 | #include [01;31m[K"tracker.h"[m[K
      |          [01;31m[K^~~~~~~~~~~[m[K
compilation terminated.
make[2]: *** [CMakeFiles/tracking_node.dir/build.make:76: CMakeFiles/tracking_node.dir/src/testkitti.cpp.o] Error 1
make[1]: *** [CMakeFiles/Makefile2:677: CMakeFiles/tracking_node.dir/all] Error 2
make: *** [Makefile:146: all] Error 2
